<?xml version="1.0" encoding="UTF-8"?>
<coverage generated="1520500061892" clover="3.2.0">
  <project timestamp="1520500061893" name="All files">
    <metrics statements="69" coveredstatements="60" conditionals="19" coveredconditionals="11" methods="15" coveredmethods="14" elements="103" coveredelements="85" complexity="0" loc="69" ncloc="69" packages="5" files="9" classes="9">
      <package name="devops">
        <metrics statements="9" coveredstatements="8" conditionals="2" coveredconditionals="1" methods="0" coveredmethods="0"/>
        <file name="server.js" path="/Users/sahilbalodi/Desktop/devops/server.js">
          <metrics statements="9" coveredstatements="8" conditionals="2" coveredconditionals="1" methods="0" coveredmethods="0"/>
          <line num="1" count="3" type="stmt"/>
          <line num="2" count="3" type="stmt"/>
          <line num="3" count="3" type="stmt"/>
          <line num="5" count="3" type="stmt"/>
          <line num="6" count="3" type="stmt"/>
          <line num="11" count="3" type="stmt"/>
          <line num="12" count="3" type="cond" truecount="1" falsecount="1"/>
          <line num="13" count="0" type="stmt"/>
          <line num="15" count="3" type="stmt"/>
        </file>
      </package>
      <package name="devops.handler">
        <metrics statements="24" coveredstatements="19" conditionals="4" coveredconditionals="1" methods="9" coveredmethods="8"/>
        <file name="getLongUrl.js" path="/Users/sahilbalodi/Desktop/devops/handler/getLongUrl.js">
          <metrics statements="11" coveredstatements="6" conditionals="4" coveredconditionals="1" methods="4" coveredmethods="3"/>
          <line num="1" count="3" type="stmt"/>
          <line num="3" count="3" type="stmt"/>
          <line num="7" count="2" type="stmt"/>
          <line num="8" count="2" type="stmt"/>
          <line num="9" count="2" type="cond" truecount="1" falsecount="1"/>
          <line num="10" count="0" type="stmt"/>
          <line num="11" count="0" type="stmt"/>
          <line num="12" count="0" type="cond" truecount="0" falsecount="2"/>
          <line num="13" count="0" type="stmt"/>
          <line num="15" count="0" type="stmt"/>
          <line num="18" count="2" type="stmt"/>
        </file>
        <file name="index.js" path="/Users/sahilbalodi/Desktop/devops/handler/index.js">
          <metrics statements="4" coveredstatements="4" conditionals="0" coveredconditionals="0" methods="1" coveredmethods="1"/>
          <line num="1" count="3" type="stmt"/>
          <line num="2" count="3" type="stmt"/>
          <line num="3" count="3" type="stmt"/>
          <line num="5" count="3" type="stmt"/>
        </file>
        <file name="ping.js" path="/Users/sahilbalodi/Desktop/devops/handler/ping.js">
          <metrics statements="2" coveredstatements="2" conditionals="0" coveredconditionals="0" methods="1" coveredmethods="1"/>
          <line num="1" count="3" type="stmt"/>
          <line num="5" count="1" type="stmt"/>
        </file>
        <file name="shortenUrl.js" path="/Users/sahilbalodi/Desktop/devops/handler/shortenUrl.js">
          <metrics statements="7" coveredstatements="7" conditionals="0" coveredconditionals="0" methods="3" coveredmethods="3"/>
          <line num="1" count="3" type="stmt"/>
          <line num="3" count="3" type="stmt"/>
          <line num="7" count="2" type="stmt"/>
          <line num="8" count="2" type="stmt"/>
          <line num="9" count="2" type="stmt"/>
          <line num="10" count="2" type="stmt"/>
          <line num="11" count="2" type="stmt"/>
        </file>
      </package>
      <package name="devops.helper">
        <metrics statements="10" coveredstatements="9" conditionals="4" coveredconditionals="3" methods="2" coveredmethods="2"/>
        <file name="findOrCreateUrl.js" path="/Users/sahilbalodi/Desktop/devops/helper/findOrCreateUrl.js">
          <metrics statements="10" coveredstatements="9" conditionals="4" coveredconditionals="3" methods="2" coveredmethods="2"/>
          <line num="1" count="4" type="stmt"/>
          <line num="2" count="4" type="stmt"/>
          <line num="5" count="5" type="stmt"/>
          <line num="6" count="5" type="stmt"/>
          <line num="8" count="5" type="cond" truecount="2" falsecount="0"/>
          <line num="9" count="1" type="cond" truecount="1" falsecount="1"/>
          <line num="10" count="1" type="stmt"/>
          <line num="12" count="0" type="stmt"/>
          <line num="14" count="4" type="stmt"/>
          <line num="17" count="4" type="stmt"/>
        </file>
      </package>
      <package name="devops.models">
        <metrics statements="23" coveredstatements="21" conditionals="9" coveredconditionals="6" methods="4" coveredmethods="4"/>
        <file name="Urls.js" path="/Users/sahilbalodi/Desktop/devops/models/Urls.js">
          <metrics statements="3" coveredstatements="3" conditionals="0" coveredconditionals="0" methods="1" coveredmethods="1"/>
          <line num="2" count="5" type="stmt"/>
          <line num="3" count="5" type="stmt"/>
          <line num="17" count="5" type="stmt"/>
        </file>
        <file name="index.js" path="/Users/sahilbalodi/Desktop/devops/models/index.js">
          <metrics statements="20" coveredstatements="18" conditionals="9" coveredconditionals="6" methods="3" coveredmethods="3"/>
          <line num="3" count="5" type="stmt"/>
          <line num="4" count="5" type="stmt"/>
          <line num="5" count="5" type="stmt"/>
          <line num="7" count="5" type="stmt"/>
          <line num="8" count="5" type="cond" truecount="1" falsecount="1"/>
          <line num="9" count="5" type="stmt"/>
          <line num="10" count="5" type="stmt"/>
          <line num="12" count="5" type="cond" truecount="1" falsecount="1"/>
          <line num="13" count="0" type="stmt"/>
          <line num="15" count="5" type="stmt"/>
          <line num="18" count="5" type="stmt"/>
          <line num="20" count="10" type="cond" truecount="3" falsecount="0"/>
          <line num="22" count="5" type="stmt"/>
          <line num="23" count="5" type="stmt"/>
          <line num="26" count="5" type="stmt"/>
          <line num="27" count="5" type="cond" truecount="1" falsecount="1"/>
          <line num="28" count="0" type="stmt"/>
          <line num="32" count="5" type="stmt"/>
          <line num="33" count="5" type="stmt"/>
          <line num="35" count="5" type="stmt"/>
        </file>
      </package>
      <package name="devops.redis">
        <metrics statements="3" coveredstatements="3" conditionals="0" coveredconditionals="0" methods="0" coveredmethods="0"/>
        <file name="index.js" path="/Users/sahilbalodi/Desktop/devops/redis/index.js">
          <metrics statements="3" coveredstatements="3" conditionals="0" coveredconditionals="0" methods="0" coveredmethods="0"/>
          <line num="1" count="3" type="stmt"/>
          <line num="3" count="3" type="stmt"/>
          <line num="4" count="3" type="stmt"/>
        </file>
      </package>
    </metrics>
  </project>
</coverage>
