TN:
SF:/Users/sahilbalodi/Desktop/devops/helper/findOrCreateUrl.js
FN:4,findOrCreateUrl
FN:8,(anonymous_1)
FNF:2
FNH:2
FNDA:3,findOrCreateUrl
FNDA:3,(anonymous_1)
DA:1,1
DA:2,1
DA:5,3
DA:7,3
DA:9,3
DA:10,1
DA:11,1
DA:13,0
DA:15,2
DA:18,1
LF:10
LH:9
BRDA:9,0,0,1
BRDA:9,0,1,2
BRDA:10,1,0,1
BRDA:10,1,1,0
BRF:4
BRH:3
end_of_record
TN:
SF:/Users/sahilbalodi/Desktop/devops/models/Urls.js
FN:2,(anonymous_0)
FNF:1
FNH:1
FNDA:2,(anonymous_0)
DA:2,2
DA:3,2
DA:17,2
LF:3
LH:3
BRF:0
BRH:0
end_of_record
TN:
SF:/Users/sahilbalodi/Desktop/devops/models/index.js
FN:19,(anonymous_0)
FN:22,(anonymous_1)
FN:27,(anonymous_2)
FNF:3
FNH:3
FNDA:4,(anonymous_0)
FNDA:2,(anonymous_1)
FNDA:2,(anonymous_2)
DA:3,2
DA:4,2
DA:5,2
DA:6,2
DA:7,2
DA:8,2
DA:9,2
DA:11,2
DA:12,0
DA:14,2
DA:17,2
DA:20,4
DA:23,2
DA:24,2
DA:27,2
DA:28,2
DA:29,0
DA:33,2
DA:34,2
DA:36,2
LF:20
LH:18
BRDA:7,0,0,2
BRDA:7,0,1,0
BRDA:11,1,0,0
BRDA:11,1,1,2
BRDA:20,2,0,4
BRDA:20,2,1,4
BRDA:20,2,2,2
BRDA:28,3,0,0
BRDA:28,3,1,2
BRF:9
BRH:6
end_of_record
