TN:
SF:/Users/sahilbalodi/Desktop/devops/server.js
FNF:0
FNH:0
DA:1,3
DA:2,3
DA:3,3
DA:5,3
DA:6,3
DA:11,3
DA:12,3
DA:13,0
DA:15,3
LF:9
LH:8
BRDA:12,0,0,0
BRDA:12,0,1,3
BRF:2
BRH:1
end_of_record
TN:
SF:/Users/sahilbalodi/Desktop/devops/handler/getLongUrl.js
FN:3,(anonymous_0)
FN:6,(anonymous_1)
FN:8,(anonymous_2)
FN:11,(anonymous_3)
FNF:4
FNH:3
FNDA:3,(anonymous_0)
FNDA:2,(anonymous_1)
FNDA:2,(anonymous_2)
FNDA:0,(anonymous_3)
DA:1,3
DA:3,3
DA:7,2
DA:8,2
DA:9,2
DA:10,0
DA:11,0
DA:12,0
DA:13,0
DA:15,0
DA:18,2
LF:11
LH:6
BRDA:9,0,0,0
BRDA:9,0,1,2
BRDA:12,1,0,0
BRDA:12,1,1,0
BRF:4
BRH:1
end_of_record
TN:
SF:/Users/sahilbalodi/Desktop/devops/handler/index.js
FN:5,(anonymous_0)
FNF:1
FNH:1
FNDA:3,(anonymous_0)
DA:1,3
DA:2,3
DA:3,3
DA:5,3
LF:4
LH:4
BRF:0
BRH:0
end_of_record
TN:
SF:/Users/sahilbalodi/Desktop/devops/handler/ping.js
FN:4,(anonymous_0)
FNF:1
FNH:1
FNDA:1,(anonymous_0)
DA:1,3
DA:5,1
LF:2
LH:2
BRF:0
BRH:0
end_of_record
TN:
SF:/Users/sahilbalodi/Desktop/devops/handler/shortenUrl.js
FN:3,(anonymous_0)
FN:6,(anonymous_1)
FN:9,(anonymous_2)
FNF:3
FNH:3
FNDA:3,(anonymous_0)
FNDA:2,(anonymous_1)
FNDA:2,(anonymous_2)
DA:1,3
DA:3,3
DA:7,2
DA:8,2
DA:9,2
DA:10,2
DA:11,2
LF:7
LH:7
BRF:0
BRH:0
end_of_record
TN:
SF:/Users/sahilbalodi/Desktop/devops/helper/findOrCreateUrl.js
FN:4,findOrCreateUrl
FN:7,(anonymous_1)
FNF:2
FNH:2
FNDA:5,findOrCreateUrl
FNDA:5,(anonymous_1)
DA:1,4
DA:2,4
DA:5,5
DA:6,5
DA:8,5
DA:9,1
DA:10,1
DA:12,0
DA:14,4
DA:17,4
LF:10
LH:9
BRDA:8,0,0,1
BRDA:8,0,1,4
BRDA:9,1,0,1
BRDA:9,1,1,0
BRF:4
BRH:3
end_of_record
TN:
SF:/Users/sahilbalodi/Desktop/devops/models/Urls.js
FN:2,(anonymous_0)
FNF:1
FNH:1
FNDA:5,(anonymous_0)
DA:2,5
DA:3,5
DA:17,5
LF:3
LH:3
BRF:0
BRH:0
end_of_record
TN:
SF:/Users/sahilbalodi/Desktop/devops/models/index.js
FN:20,(anonymous_0)
FN:21,(anonymous_1)
FN:26,(anonymous_2)
FNF:3
FNH:3
FNDA:10,(anonymous_0)
FNDA:5,(anonymous_1)
FNDA:5,(anonymous_2)
DA:3,5
DA:4,5
DA:5,5
DA:7,5
DA:8,5
DA:9,5
DA:10,5
DA:12,5
DA:13,0
DA:15,5
DA:18,5
DA:20,10
DA:22,5
DA:23,5
DA:26,5
DA:27,5
DA:28,0
DA:32,5
DA:33,5
DA:35,5
LF:20
LH:18
BRDA:8,0,0,5
BRDA:8,0,1,0
BRDA:12,1,0,0
BRDA:12,1,1,5
BRDA:20,2,0,10
BRDA:20,2,1,10
BRDA:20,2,2,5
BRDA:27,3,0,0
BRDA:27,3,1,5
BRF:9
BRH:6
end_of_record
TN:
SF:/Users/sahilbalodi/Desktop/devops/redis/index.js
FNF:0
FNH:0
DA:1,3
DA:3,3
DA:4,3
LF:3
LH:3
BRF:0
BRH:0
end_of_record
